#
# A fatal error has been detected by the Java Runtime Environment:
#
#  Internal Error (javaClasses.cpp:124), pid=5624, tid=5152
#  fatal error: Invalid layout of preloaded class
#
# JRE version:  (8.0_11-b12) (build )
# Java VM: Java HotSpot(TM) 64-Bit Server VM (25.11-b03 mixed mode windows-amd64 compressed oops)
# Failed to write core dump. Minidumps are not enabled by default on client versions of Windows
#
# If you would like to submit a bug report, please visit:
#   http://bugreport.sun.com/bugreport/crash.jsp
#

---------------  T H R E A D  ---------------

Current thread (0x00000000026e0800):  JavaThread "Unknown thread" [_thread_in_vm, id=5152, stack(0x0000000002240000,0x0000000002340000)]

Stack: [0x0000000002240000,0x0000000002340000]
Native frames: (J=compiled Java code, j=interpreted, Vv=VM code, C=native code)
V  [jvm.dll+0x308eca]
V  [jvm.dll+0x25e121]
V  [jvm.dll+0x25ed33]
V  [jvm.dll+0x256686]
V  [jvm.dll+0x5d4cc]
V  [jvm.dll+0x5d5c3]
V  [jvm.dll+0x71efa]
V  [jvm.dll+0x72258]
V  [jvm.dll+0xe1927]
V  [jvm.dll+0xe1cb6]
V  [jvm.dll+0x1f1407]
V  [jvm.dll+0x2229b4]
V  [jvm.dll+0x14a151]
C  [javaw.exe+0x208a]
C  [javaw.exe+0xc9fb]
C  [javaw.exe+0xca8f]
C  [KERNEL32.DLL+0x167e]
C  [ntdll.dll+0x1c3f1]


---------------  P R O C E S S  ---------------

Java Threads: ( => current thread )

Other Threads:

=>0x00000000026e0800 (exited) JavaThread "Unknown thread" [_thread_in_vm, id=5152, stack(0x0000000002240000,0x0000000002340000)]

VM state:not at safepoint (not fully initialized)

VM Mutex/Monitor currently owned by a thread: None

GC Heap History (0 events):
No events

Deoptimization events (0 events):
No events

Internal exceptions (0 events):
No events

Events (10 events):
Event: 0.016 loading class java/lang/CharSequence done
Event: 0.017 loading class java/lang/String done
Event: 0.017 loading class java/lang/Class
Event: 0.017 loading class java/lang/reflect/AnnotatedElement
Event: 0.017 loading class java/lang/reflect/AnnotatedElement done
Event: 0.017 loading class java/lang/reflect/GenericDeclaration
Event: 0.017 loading class java/lang/reflect/GenericDeclaration done
Event: 0.017 loading class java/lang/reflect/Type
Event: 0.017 loading class java/lang/reflect/Type done
Event: 0.017 loading class java/lang/Class done


Dynamic libraries:
0x000007f684640000 - 0x000007f684674000 	C:\Program Files\Java\jre8\bin\javaw.exe
0x000007fb9b1f0000 - 0x000007fb9b3ae000 	C:\Windows\SYSTEM32\ntdll.dll
0x000007fb9a920000 - 0x000007fb9aa56000 	C:\Windows\system32\KERNEL32.DLL
0x000007fb98560000 - 0x000007fb98653000 	C:\Windows\system32\KERNELBASE.dll
0x000007fb98b30000 - 0x000007fb98c0e000 	C:\Windows\system32\ADVAPI32.dll
0x000007fb9ac90000 - 0x000007fb9addc000 	C:\Windows\system32\USER32.dll
0x000007fb95a20000 - 0x000007fb95c89000 	C:\Windows\WinSxS\amd64_microsoft.windows.common-controls_6595b64144ccf1df_6.0.9200.16384_none_418c2a697189c07f\COMCTL32.dll
0x000007fb9b000000 - 0x000007fb9b0a5000 	C:\Windows\system32\msvcrt.dll
0x000007fb9a650000 - 0x000007fb9a698000 	C:\Windows\SYSTEM32\sechost.dll
0x000007fb9b0b0000 - 0x000007fb9b1f0000 	C:\Windows\system32\RPCRT4.dll
0x000007fb98e10000 - 0x000007fb98f50000 	C:\Windows\system32\GDI32.dll
0x000007fb9ade0000 - 0x000007fb9ae19000 	C:\Windows\system32\IMM32.DLL
0x000007fb9aee0000 - 0x000007fb9aff4000 	C:\Windows\system32\MSCTF.dll
0x000000005d7d0000 - 0x000000005d8a2000 	C:\Program Files\Java\jre8\bin\msvcr100.dll
0x000000005cfa0000 - 0x000000005d7ca000 	C:\Program Files\Java\jre8\bin\server\jvm.dll
0x000007fb95600000 - 0x000007fb95609000 	C:\Windows\SYSTEM32\WSOCK32.dll
0x000007fb8d2e0000 - 0x000007fb8d300000 	C:\Windows\SYSTEM32\WINMM.dll
0x000007fb9a490000 - 0x000007fb9a497000 	C:\Windows\system32\PSAPI.DLL
0x000007fb98f50000 - 0x000007fb98fa8000 	C:\Windows\system32\WS2_32.dll
0x000007fb8d2a0000 - 0x000007fb8d2d2000 	C:\Windows\SYSTEM32\WINMMBASE.dll
0x000007fb98660000 - 0x000007fb98669000 	C:\Windows\system32\NSI.dll
0x000000005cf90000 - 0x000000005cf9f000 	C:\Program Files\Java\jre8\bin\verify.dll
0x000000005cf60000 - 0x000000005cf88000 	C:\Program Files\Java\jre8\bin\java.dll
0x000000005cf40000 - 0x000000005cf56000 	C:\Program Files\Java\jre8\bin\zip.dll
0x000007fb89140000 - 0x000007fb892a3000 	C:\Windows\SYSTEM32\dbghelp.dll

VM Arguments:
jvm_args: -Dfile.encoding=Cp1252 -Xbootclasspath:C:\Users\Exequiel\Desktop\adt-bundle-windows-x86_64-20140702\sdk\platforms\android-19\android.jar;C:\Users\Exequiel\Desktop\adt-bundle-windows-x86_64-20140702\sdk\add-ons\addon-google_apis_x86-google-19\libs\usb.jar;C:\Users\Exequiel\Desktop\adt-bundle-windows-x86_64-20140702\sdk\add-ons\addon-google_apis_x86-google-19\libs\effects.jar;C:\Users\Exequiel\Desktop\adt-bundle-windows-x86_64-20140702\sdk\add-ons\addon-google_apis_x86-google-19\libs\maps.jar 
java_command: com.donoso.turismovil.inertphoto
java_class_path (initial): C:\Users\Exequiel\Desktop\trujmasd\turisMovilll\libs\universal-image-loader-1.9.3.jar;C:\Users\Exequiel\Desktop\trujmasd\turisMovilll\libs\android-support-v4.jar;C:\Users\Exequiel\Desktop\trujmasd\turisMovilll\libs\httpmime-4.2.4.jar;C:\Users\Exequiel\Desktop\adt-bundle-windows-x86_64-20140702\sdk\extras\google\google_play_services\libproject\google-play-services_lib\libs\google-play-services.jar;C:\Users\Exequiel\Desktop\trujmasd\turisMovilll\libs\itextpdf-5.5.3.jar;C:\Users\Exequiel\Desktop\adt-bundle-windows-x86_64-20140702\sdk\extras\google\google_play_services\libproject\google-play-services_lib\bin\google-play-services_lib.jar;C:\Users\Exequiel\Desktop\trujmasd\turisMovilll\bin\classes
Launcher Type: SUN_STANDARD

Environment Variables:
PATH=C:\Windows\system32;C:\Windows;C:\Windows\System32\Wbem;C:\Windows\System32\WindowsPowerShell\v1.0\
USERNAME=Exequiel
OS=Windows_NT
PROCESSOR_IDENTIFIER=AMD64 Family 21 Model 16 Stepping 1, AuthenticAMD



---------------  S Y S T E M  ---------------

OS: Windows 8 , 64 bit Build 9200 

CPU:total 4 (4 cores per cpu, 1 threads per core) family 21 model 16 stepping 1, cmov, cx8, fxsr, mmx, sse, sse2, sse3, ssse3, sse4.1, sse4.2, popcnt, avx, aes, clmul, mmxext, 3dnowpref, lzcnt, sse4a, tsc, tscinvbit

Memory: 4k page, physical 7833864k(2786496k free), swap 13870900k(5694008k free)

vm_info: Java HotSpot(TM) 64-Bit Server VM (25.11-b03) for windows-amd64 JRE (1.8.0_11-b12), built on Jun 16 2014 20:57:32 by "java_re" with MS VC++ 10.0 (VS2010)

time: Sat Oct 11 15:09:40 2014
elapsed time: 0 seconds

