#
# A fatal error has been detected by the Java Runtime Environment:
#
#  Internal Error (javaClasses.cpp:124), pid=4924, tid=2032
#  fatal error: Invalid layout of preloaded class
#
# JRE version:  (8.0_11-b12) (build )
# Java VM: Java HotSpot(TM) 64-Bit Server VM (25.11-b03 mixed mode windows-amd64 compressed oops)
# Failed to write core dump. Minidumps are not enabled by default on client versions of Windows
#
# If you would like to submit a bug report, please visit:
#   http://bugreport.sun.com/bugreport/crash.jsp
#

---------------  T H R E A D  ---------------

Current thread (0x00000000029e0800):  JavaThread "Unknown thread" [_thread_in_vm, id=2032, stack(0x0000000002600000,0x0000000002700000)]

Stack: [0x0000000002600000,0x0000000002700000]
Native frames: (J=compiled Java code, j=interpreted, Vv=VM code, C=native code)
V  [jvm.dll+0x308eca]
V  [jvm.dll+0x25e121]
V  [jvm.dll+0x25ed33]
V  [jvm.dll+0x256686]
V  [jvm.dll+0x5d4cc]
V  [jvm.dll+0x5d5c3]
V  [jvm.dll+0x71efa]
V  [jvm.dll+0x72258]
V  [jvm.dll+0xe1927]
V  [jvm.dll+0xe1cb6]
V  [jvm.dll+0x1f1407]
V  [jvm.dll+0x2229b4]
V  [jvm.dll+0x14a151]
C  [javaw.exe+0x208a]
C  [javaw.exe+0xc9fb]
C  [javaw.exe+0xca8f]
C  [KERNEL32.DLL+0x167e]
C  [ntdll.dll+0x1c3f1]


---------------  P R O C E S S  ---------------

Java Threads: ( => current thread )

Other Threads:

=>0x00000000029e0800 (exited) JavaThread "Unknown thread" [_thread_in_vm, id=2032, stack(0x0000000002600000,0x0000000002700000)]

VM state:not at safepoint (not fully initialized)

VM Mutex/Monitor currently owned by a thread: None

GC Heap History (0 events):
No events

Deoptimization events (0 events):
No events

Internal exceptions (0 events):
No events

Events (10 events):
Event: 0.016 loading class java/lang/CharSequence done
Event: 0.017 loading class java/lang/String done
Event: 0.017 loading class java/lang/Class
Event: 0.017 loading class java/lang/reflect/AnnotatedElement
Event: 0.017 loading class java/lang/reflect/AnnotatedElement done
Event: 0.017 loading class java/lang/reflect/GenericDeclaration
Event: 0.017 loading class java/lang/reflect/GenericDeclaration done
Event: 0.017 loading class java/lang/reflect/Type
Event: 0.017 loading class java/lang/reflect/Type done
Event: 0.017 loading class java/lang/Class done


Dynamic libraries:
0x000007f7f3460000 - 0x000007f7f3494000 	C:\Program Files\Java\jre8\bin\javaw.exe
0x000007f9f0680000 - 0x000007f9f083e000 	C:\Windows\SYSTEM32\ntdll.dll
0x000007f9ee910000 - 0x000007f9eea46000 	C:\Windows\system32\KERNEL32.DLL
0x000007f9ed9f0000 - 0x000007f9edae3000 	C:\Windows\system32\KERNELBASE.dll
0x000007f9f0250000 - 0x000007f9f032e000 	C:\Windows\system32\ADVAPI32.dll
0x000007f9edfa0000 - 0x000007f9ee0ec000 	C:\Windows\system32\USER32.dll
0x000007f9eafc0000 - 0x000007f9eb229000 	C:\Windows\WinSxS\amd64_microsoft.windows.common-controls_6595b64144ccf1df_6.0.9200.16384_none_418c2a697189c07f\COMCTL32.dll
0x000007f9edd40000 - 0x000007f9edde5000 	C:\Windows\system32\msvcrt.dll
0x000007f9ee6a0000 - 0x000007f9ee6e8000 	C:\Windows\SYSTEM32\sechost.dll
0x000007f9ede60000 - 0x000007f9edfa0000 	C:\Windows\system32\RPCRT4.dll
0x000007f9ee100000 - 0x000007f9ee240000 	C:\Windows\system32\GDI32.dll
0x000007f9ee260000 - 0x000007f9ee299000 	C:\Windows\system32\IMM32.DLL
0x000007f9ee2a0000 - 0x000007f9ee3b4000 	C:\Windows\system32\MSCTF.dll
0x0000000075140000 - 0x0000000075212000 	C:\Program Files\Java\jre8\bin\msvcr100.dll
0x0000000074910000 - 0x000000007513a000 	C:\Program Files\Java\jre8\bin\server\jvm.dll
0x000007f9ea8d0000 - 0x000007f9ea8d9000 	C:\Windows\SYSTEM32\WSOCK32.dll
0x000007f9e43e0000 - 0x000007f9e4400000 	C:\Windows\SYSTEM32\WINMM.dll
0x000007f9effd0000 - 0x000007f9effd7000 	C:\Windows\system32\PSAPI.DLL
0x000007f9ee410000 - 0x000007f9ee468000 	C:\Windows\system32\WS2_32.dll
0x000007f9e43a0000 - 0x000007f9e43d2000 	C:\Windows\SYSTEM32\WINMMBASE.dll
0x000007f9ee0f0000 - 0x000007f9ee0f9000 	C:\Windows\system32\NSI.dll
0x0000000074900000 - 0x000000007490f000 	C:\Program Files\Java\jre8\bin\verify.dll
0x00000000748d0000 - 0x00000000748f8000 	C:\Program Files\Java\jre8\bin\java.dll
0x00000000748b0000 - 0x00000000748c6000 	C:\Program Files\Java\jre8\bin\zip.dll
0x000007f9e4510000 - 0x000007f9e4673000 	C:\Windows\SYSTEM32\dbghelp.dll

VM Arguments:
jvm_args: -Dfile.encoding=Cp1252 -Xbootclasspath:C:\Users\Exequiel\Desktop\adt-bundle-windows-x86_64-20140702\sdk\platforms\android-15\android.jar 
java_command: com.donoso.turismovil.FirstPdf
java_class_path (initial): C:\Users\Exequiel\Documents\GitHub\Turismovil\turisMovilll\libs\android-support-v4.jar;C:\Users\Exequiel\Documents\GitHub\Turismovil\turisMovilll\libs\httpmime-4.2.4.jar;C:\Users\Exequiel\Desktop\adt-bundle-windows-x86_64-20140702\sdk\extras\google\google_play_services\libproject\google-play-services_lib\libs\google-play-services.jar;C:\Users\Exequiel\Desktop\adt-bundle-windows-x86_64-20140702\sdk\extras\google\google_play_services\libproject\google-play-services_lib\bin\google-play-services_lib.jar;C:\Users\Exequiel\Desktop\adt-bundle-windows-x86_64-20140702\sdk\tools\support\annotations.jar;C:\Users\Exequiel\Documents\GitHub\Turismovil\turisMovilll\bin\classes;C:\Users\Exequiel\Documents\GitHub\Turismovil\turisMovilll\libs\itextpdf-5.5.3.jar
Launcher Type: SUN_STANDARD

Environment Variables:
PATH=C:\Windows\system32;C:\Windows;C:\Windows\System32\Wbem;C:\Windows\System32\WindowsPowerShell\v1.0\
USERNAME=Exequiel
OS=Windows_NT
PROCESSOR_IDENTIFIER=AMD64 Family 21 Model 16 Stepping 1, AuthenticAMD



---------------  S Y S T E M  ---------------

OS: Windows 8 , 64 bit Build 9200 

CPU:total 4 (4 cores per cpu, 1 threads per core) family 21 model 16 stepping 1, cmov, cx8, fxsr, mmx, sse, sse2, sse3, ssse3, sse4.1, sse4.2, popcnt, avx, aes, clmul, mmxext, 3dnowpref, lzcnt, sse4a, tsc, tscinvbit

Memory: 4k page, physical 7833864k(4233948k free), swap 12552456k(7579872k free)

vm_info: Java HotSpot(TM) 64-Bit Server VM (25.11-b03) for windows-amd64 JRE (1.8.0_11-b12), built on Jun 16 2014 20:57:32 by "java_re" with MS VC++ 10.0 (VS2010)

time: Sun Sep 28 19:50:09 2014
elapsed time: 0 seconds

